<?xml version="1.0" encoding="UTF-8"?>
<!-- Generated by org.testng.reporters.JUnitReportReporter -->
<testsuite hostname="LAPTOP-VSSFQ15T" failures="0" tests="1" name="mavenforjenkins.UITest" time="17.788" errors="0" timestamp="2023-05-26T16:48:57 IST" skipped="0">
  <testcase classname="mavenforjenkins.UITest" name="startBrowser" time="17.788"/>
  <system-out/>
</testsuite> <!-- mavenforjenkins.UITest -->
